<?xml version="1.0" encoding="UTF-8"?>
<!-- Generated by org.testng.reporters.JUnitReportReporter -->
<testsuite hostname="Lenovo-PC" failures="0" tests="1" name="TESTNG.parallel2" time="123.699" errors="0" timestamp="2022-09-27T22:57:48 PDT" skipped="0">
  <testcase classname="TESTNG.parallel2" name="TC1" time="123.699"/>
  <system-out/>
</testsuite> <!-- TESTNG.parallel2 -->
