<?xml version="1.0" encoding="UTF-8"?>
<!-- Generated by org.testng.reporters.JUnitReportReporter -->
<testsuite hostname="Lenovo-PC" failures="0" tests="5" name="TESTNG.grouping1" time="0.047" errors="0" timestamp="2022-09-26T16:50:44 PDT" skipped="0">
  <testcase classname="TESTNG.grouping1" name="tc1" time="0.031"/>
  <system-out>
    <![CDATA[runing tc1]]>
  </system-out>
  <testcase classname="TESTNG.grouping1" name="tc2" time="0.000"/>
  <system-out>
    <![CDATA[runing tc2]]>
  </system-out>
  <testcase classname="TESTNG.grouping1" name="tc3" time="0.016"/>
  <system-out>
    <![CDATA[runing tc3]]>
  </system-out>
  <testcase classname="TESTNG.grouping1" name="tc6" time="0.000"/>
  <system-out>
    <![CDATA[runing tc6]]>
  </system-out>
  <testcase classname="TESTNG.grouping1" name="tc4" time="0.000"/>
  <system-out>
    <![CDATA[runing tc4]]>
  </system-out>
</testsuite> <!-- TESTNG.grouping1 -->
