<?xml version="1.0" encoding="UTF-8"?>
<!-- Generated by org.testng.reporters.JUnitReportReporter -->
<testsuite hostname="Lenovo-PC" failures="0" tests="1" name="TESTNG.parralel1" time="114.575" errors="0" timestamp="2022-09-27T22:57:48 PDT" skipped="0">
  <testcase classname="TESTNG.parralel1" name="tc1" time="114.575"/>
  <system-out/>
</testsuite> <!-- TESTNG.parralel1 -->
