<?xml version="1.0" encoding="UTF-8"?>
<!-- Generated by org.testng.reporters.JUnitReportReporter -->
<testsuite hostname="Lenovo-PC" failures="0" tests="1" name="TESTNG.assert_nonstatic1" time="0.031" errors="0" timestamp="2022-09-26T16:38:58 PDT" skipped="0">
  <testcase classname="TESTNG.assert_nonstatic1" name="tc1" time="0.031"/>
  <system-out/>
</testsuite> <!-- TESTNG.assert_nonstatic1 -->
