<?xml version="1.0" encoding="UTF-8"?>
<!-- Generated by org.testng.reporters.JUnitReportReporter -->
<testsuite hostname="Lenovo-PC" failures="0" tests="1" name="TESTNG.sample1" time="0.034" errors="0" timestamp="2022-09-25T11:45:39 PDT" skipped="0">
  <testcase classname="TESTNG.sample1" name="tc1" time="0.034"/>
  <system-out>
    <![CDATA[running tc1]]>
  </system-out>
</testsuite> <!-- TESTNG.sample1 -->
