<?xml version="1.0" encoding="UTF-8"?>
<!-- Generated by org.testng.reporters.JUnitReportReporter -->
<testsuite hostname="Lenovo-PC" failures="0" tests="2" name="TESTNG.diaabled2" time="0.016" errors="0" timestamp="2022-09-26T16:28:19 PDT" skipped="0">
  <testcase classname="TESTNG.diaabled2" name="tc1" time="0.016"/>
  <system-out>
    <![CDATA[running tc1]]>
  </system-out>
  <testcase classname="TESTNG.diaabled2" name="tc2" time="0.000"/>
  <system-out>
    <![CDATA[running tc2]]>
  </system-out>
</testsuite> <!-- TESTNG.diaabled2 -->
