<?xml version="1.0" encoding="UTF-8"?>
<!-- Generated by org.testng.reporters.JUnitReportReporter -->
<testsuite hostname="Lenovo-PC" failures="0" tests="2" name="TESTNG.sample2" time="0.006" errors="0" timestamp="2022-09-25T11:43:30 PDT" skipped="0">
  <testcase classname="TESTNG.sample2" name="tc3" time="0.003"/>
  <system-out>
    <![CDATA[running tc3]]>
  </system-out>
  <testcase classname="TESTNG.sample2" name="tc4" time="0.003"/>
  <system-out>
    <![CDATA[running tc4]]>
  </system-out>
</testsuite> <!-- TESTNG.sample2 -->
