<?xml version="1.0" encoding="UTF-8"?>
<!-- Generated by org.testng.reporters.JUnitReportReporter -->
<testsuite hostname="Lenovo-PC" failures="0" tests="4" name="TESTNG.keyword3" time="0.067" errors="0" timestamp="2022-09-24T12:34:25 PDT" skipped="0">
  <testcase classname="TESTNG.keyword3" name="tc3" time="0.035"/>
  <system-out>
    <![CDATA[running tc3]]>
  </system-out>
  <testcase classname="TESTNG.keyword3" name="tc4" time="0.006"/>
  <system-out>
    <![CDATA[running tc4]]>
  </system-out>
  <testcase classname="TESTNG.keyword3" name="tc2" time="0.013"/>
  <system-out>
    <![CDATA[running tc2]]>
  </system-out>
  <testcase classname="TESTNG.keyword3" name="tc1" time="0.013"/>
  <system-out>
    <![CDATA[running tc1]]>
  </system-out>
</testsuite> <!-- TESTNG.keyword3 -->
