<?xml version="1.0" encoding="UTF-8"?>
<!-- Generated by org.testng.reporters.JUnitReportReporter -->
<testsuite hostname="Lenovo-PC" failures="0" tests="2" name="TESTNG.anootation2" time="0.024" errors="0" timestamp="2022-09-24T12:24:02 PDT" skipped="0">
  <testcase classname="TESTNG.anootation2" name="tc2" time="0.007"/>
  <system-out>
    <![CDATA[running tc2]]>
  </system-out>
  <testcase classname="TESTNG.anootation2" name="tc1" time="0.017"/>
  <system-out>
    <![CDATA[running tc1]]>
  </system-out>
</testsuite> <!-- TESTNG.anootation2 -->
