<?xml version="1.0" encoding="UTF-8"?>
<!-- Generated by org.testng.reporters.JUnitReportReporter -->
<testsuite hostname="Lenovo-PC" failures="0" tests="2" name="TESTNG.disabled1" time="0.034" errors="0" timestamp="2022-09-27T13:52:43 PDT" skipped="0">
  <testcase classname="TESTNG.disabled1" name="tc1" time="0.026"/>
  <system-out>
    <![CDATA[running tc1]]>
  </system-out>
  <testcase classname="TESTNG.disabled1" name="tc2" time="0.008"/>
  <system-out>
    <![CDATA[running tc2]]>
  </system-out>
</testsuite> <!-- TESTNG.disabled1 -->
