<?xml version="1.0" encoding="UTF-8"?>
<!-- Generated by org.testng.reporters.JUnitReportReporter -->
<testsuite hostname="Lenovo-PC" failures="0" tests="1" name="TESTNG.annotation1" time="0.017" errors="0" timestamp="2022-09-24T12:17:04 PDT" skipped="0">
  <testcase classname="TESTNG.annotation1" name="tc1" time="0.017"/>
  <system-out>
    <![CDATA[running tc1]]>
  </system-out>
</testsuite> <!-- TESTNG.annotation1 -->
