<?xml version="1.0" encoding="UTF-8"?>
<!-- Generated by org.testng.reporters.JUnitReportReporter -->
<testsuite hostname="Lenovo-PC" failures="0" tests="5" name="TESTNG.keyword1" time="0.057" errors="0" timestamp="2022-09-24T12:28:57 PDT" skipped="0">
  <testcase classname="TESTNG.keyword1" name="tc1" time="0.004"/>
  <system-out>
    <![CDATA[running tc1]]>
  </system-out>
  <testcase classname="TESTNG.keyword1" name="tc1" time="0.004"/>
  <system-out>
    <![CDATA[running tc1]]>
  </system-out>
  <testcase classname="TESTNG.keyword1" name="tc1" time="0.041"/>
  <system-out>
    <![CDATA[running tc1]]>
  </system-out>
  <testcase classname="TESTNG.keyword1" name="tc1" time="0.003"/>
  <system-out>
    <![CDATA[running tc1]]>
  </system-out>
  <testcase classname="TESTNG.keyword1" name="tc1" time="0.005"/>
  <system-out>
    <![CDATA[running tc1]]>
  </system-out>
</testsuite> <!-- TESTNG.keyword1 -->
