<?xml version="1.0" encoding="UTF-8"?>
<!-- Generated by org.testng.reporters.JUnitReportReporter -->
<testsuite hostname="Lenovo-PC" failures="0" tests="3" name="TESTNG.emailable_report" time="0.059" errors="0" timestamp="2022-09-23T14:56:45 PDT" skipped="0">
  <testcase classname="TESTNG.emailable_report" name="m1" time="0.040"/>
  <system-out>
    <![CDATA[hi]]>
  </system-out>
  <testcase classname="TESTNG.emailable_report" name="m3" time="0.011"/>
  <system-out>
    <![CDATA[method 3 running]]>
  </system-out>
  <testcase classname="TESTNG.emailable_report" name="m2" time="0.008"/>
  <system-out>
    <![CDATA[method 2 running]]>
  </system-out>
</testsuite> <!-- TESTNG.emailable_report -->
