<?xml version="1.0" encoding="UTF-8"?>
<!-- Generated by org.testng.reporters.JUnitReportReporter -->
<testsuite hostname="Lenovo-PC" failures="0" tests="1" name="TESTNG.test_ng" time="53.374" errors="0" timestamp="2022-09-23T14:37:46 PDT" skipped="0">
  <testcase classname="TESTNG.test_ng" name="m1" time="53.374"/>
  <system-out/>
</testsuite> <!-- TESTNG.test_ng -->
